Using pre-set license
Built from '2022.3/staging' branch; Version is '2022.3.36f1 (95a4219250e5) revision 9806881'; Using compiler version '192829333'; Build Type 'Release'
OS: 'Windows 11  (10.0.22631) 64bit Professional' Language: 'fr' Physical Memory: 16011 MB
BatchMode: 1, IsHumanControllingUs: 0, StartBugReporterOnCrash: 0, Is64bit: 1, IsPro: 1

COMMAND LINE ARGUMENTS:
H:\Soft\Unity\2022.3.36f1\Editor\Unity.exe
-adb2
-batchMode
-noUpm
-name
AssetImportWorker1
-projectPath
H:/Projet/Unity/OverFire
-logFile
Logs/AssetImportWorker1.log
-srvPort
58383
Successfully changed project path to: H:/Projet/Unity/OverFire
H:/Projet/Unity/OverFire
[UnityMemory] Configuration Parameters - Can be set up in boot.config
    "memorysetup-bucket-allocator-granularity=16"
    "memorysetup-bucket-allocator-bucket-count=8"
    "memorysetup-bucket-allocator-block-size=33554432"
    "memorysetup-bucket-allocator-block-count=8"
    "memorysetup-main-allocator-block-size=16777216"
    "memorysetup-thread-allocator-block-size=16777216"
    "memorysetup-gfx-main-allocator-block-size=16777216"
    "memorysetup-gfx-thread-allocator-block-size=16777216"
    "memorysetup-cache-allocator-block-size=4194304"
    "memorysetup-typetree-allocator-block-size=2097152"
    "memorysetup-profiler-bucket-allocator-granularity=16"
    "memorysetup-profiler-bucket-allocator-bucket-count=8"
    "memorysetup-profiler-bucket-allocator-block-size=33554432"
    "memorysetup-profiler-bucket-allocator-block-count=8"
    "memorysetup-profiler-allocator-block-size=16777216"
    "memorysetup-profiler-editor-allocator-block-size=1048576"
    "memorysetup-temp-allocator-size-main=16777216"
    "memorysetup-job-temp-allocator-block-size=2097152"
    "memorysetup-job-temp-allocator-block-size-background=1048576"
    "memorysetup-job-temp-allocator-reduction-small-platforms=262144"
    "memorysetup-allocator-temp-initial-block-size-main=262144"
    "memorysetup-allocator-temp-initial-block-size-worker=262144"
    "memorysetup-temp-allocator-size-background-worker=32768"
    "memorysetup-temp-allocator-size-job-worker=262144"
    "memorysetup-temp-allocator-size-preload-manager=33554432"
    "memorysetup-temp-allocator-size-nav-mesh-worker=65536"
    "memorysetup-temp-allocator-size-audio-worker=65536"
    "memorysetup-temp-allocator-size-cloud-worker=32768"
    "memorysetup-temp-allocator-size-gi-baking-worker=262144"
    "memorysetup-temp-allocator-size-gfx=262144"
Player connection [52032] Host "[IP] 192.168.96.1 [Port] 0 [Flags] 2 [Guid] 194365818 [EditorId] 194365818 [Version] 1048832 [Id] WindowsEditor(7,hyverno) [Debug] 1 [PackageName] WindowsEditor [ProjectName] Editor" joined multi-casting on [225.0.0.222:54997]...

Player connection [52032] Host "[IP] 192.168.96.1 [Port] 0 [Flags] 2 [Guid] 194365818 [EditorId] 194365818 [Version] 1048832 [Id] WindowsEditor(7,hyverno) [Debug] 1 [PackageName] WindowsEditor [ProjectName] Editor" joined alternative multi-casting on [225.0.0.222:34997]...

[PhysX] Initialized MultithreadedTaskDispatcher with 20 workers.
Refreshing native plugins compatible for Editor in 37.68 ms, found 3 plugins.
Preloading 0 native plugins for Editor in 0.00 ms.
Initialize engine version: 2022.3.36f1 (95a4219250e5)
[Subsystems] Discovering subsystems at path H:/Soft/Unity/2022.3.36f1/Editor/Data/Resources/UnitySubsystems
[Subsystems] Discovering subsystems at path H:/Projet/Unity/OverFire/Assets
GfxDevice: creating device client; threaded=0; jobified=0
Direct3D:
    Version:  Direct3D 11.0 [level 11.1]
    Renderer: NVIDIA GeForce RTX 4060 Laptop GPU (ID=0x28e0)
    Vendor:   NVIDIA
    VRAM:     7957 MB
    Driver:   31.0.15.5178
Initialize mono
Mono path[0] = 'H:/Soft/Unity/2022.3.36f1/Editor/Data/Managed'
Mono path[1] = 'H:/Soft/Unity/2022.3.36f1/Editor/Data/MonoBleedingEdge/lib/mono/unityjit-win32'
Mono config path = 'H:/Soft/Unity/2022.3.36f1/Editor/Data/MonoBleedingEdge/etc'
Using monoOptions --debugger-agent=transport=dt_socket,embedding=1,server=y,suspend=n,address=127.0.0.1:56108
Begin MonoManager ReloadAssembly
Registering precompiled unity dll's ...
Register platform support module: H:/Soft/Unity/2022.3.36f1/Editor/Data/PlaybackEngines/WindowsStandaloneSupport/UnityEditor.WindowsStandalone.Extensions.dll
Registered in 0.355291 seconds.
- Loaded All Assemblies, in 11.416 seconds
Native extension for WindowsStandalone target not found
Mono: successfully reloaded assembly
- Finished resetting the current domain, in  0.383 seconds
Domain Reload Profiling: 11800ms
	BeginReloadAssembly (10683ms)
		ExecutionOrderSort (0ms)
		DisableScriptedObjects (0ms)
		BackupInstance (0ms)
		ReleaseScriptingObjects (0ms)
		CreateAndSetChildDomain (1ms)
	RebuildCommonClasses (46ms)
	RebuildNativeTypeToScriptingClass (14ms)
	initialDomainReloadingComplete (431ms)
	LoadAllAssembliesAndSetupDomain (242ms)
		LoadAssemblies (10682ms)
		RebuildTransferFunctionScriptingTraits (0ms)
		AnalyzeDomain (237ms)
			TypeCache.Refresh (236ms)
				TypeCache.ScanAssembly (208ms)
			ScanForSourceGeneratedMonoScriptInfo (1ms)
			ResolveRequiredComponents (0ms)
	FinalizeReload (384ms)
		ReleaseScriptCaches (0ms)
		RebuildScriptCaches (0ms)
		SetupLoadedEditorAssemblies (299ms)
			LogAssemblyErrors (0ms)
			InitializePlatformSupportModulesInManaged (11ms)
			SetLoadedEditorAssemblies (10ms)
			RefreshPlugins (0ms)
			BeforeProcessingInitializeOnLoad (4ms)
			ProcessInitializeOnLoadAttributes (193ms)
			ProcessInitializeOnLoadMethodAttributes (81ms)
			AfterProcessingInitializeOnLoad (0ms)
			EditorAssembliesLoaded (0ms)
		ExecutionOrderSort2 (0ms)
		AwakeInstancesAfterBackupRestoration (0ms)
========================================================================
Worker process is ready to serve import requests
Begin MonoManager ReloadAssembly
- Loaded All Assemblies, in  4.007 seconds
Refreshing native plugins compatible for Editor in 5.32 ms, found 3 plugins.
Native extension for WindowsStandalone target not found
Package Manager log level set to [2]
[Package Manager] Server::EnsureServerProcessIsRunning -- launch failed, reason: Unity was launched with the -noUpm command-line argument
[Package Manager] UpmClient::Send -- Unable to send message (not connected to UPM process).
[Package Manager] Cannot connect to Unity Package Manager local server
Mono: successfully reloaded assembly
- Finished resetting the current domain, in  0.870 seconds
Domain Reload Profiling: 4876ms
	BeginReloadAssembly (182ms)
		ExecutionOrderSort (0ms)
		DisableScriptedObjects (6ms)
		BackupInstance (0ms)
		ReleaseScriptingObjects (0ms)
		CreateAndSetChildDomain (26ms)
	RebuildCommonClasses (29ms)
	RebuildNativeTypeToScriptingClass (9ms)
	initialDomainReloadingComplete (36ms)
	LoadAllAssembliesAndSetupDomain (3748ms)
		LoadAssemblies (3487ms)
		RebuildTransferFunctionScriptingTraits (0ms)
		AnalyzeDomain (377ms)
			TypeCache.Refresh (329ms)
				TypeCache.ScanAssembly (296ms)
			ScanForSourceGeneratedMonoScriptInfo (34ms)
			ResolveRequiredComponents (11ms)
	FinalizeReload (871ms)
		ReleaseScriptCaches (0ms)
		RebuildScriptCaches (0ms)
		SetupLoadedEditorAssemblies (641ms)
			LogAssemblyErrors (0ms)
			InitializePlatformSupportModulesInManaged (6ms)
			SetLoadedEditorAssemblies (5ms)
			RefreshPlugins (0ms)
			BeforeProcessingInitializeOnLoad (68ms)
			ProcessInitializeOnLoadAttributes (467ms)
			ProcessInitializeOnLoadMethodAttributes (93ms)
			AfterProcessingInitializeOnLoad (2ms)
			EditorAssembliesLoaded (0ms)
		ExecutionOrderSort2 (0ms)
		AwakeInstancesAfterBackupRestoration (6ms)
Launched and connected shader compiler UnityShaderCompiler.exe after 0.11 seconds
Refreshing native plugins compatible for Editor in 5.46 ms, found 3 plugins.
Preloading 0 native plugins for Editor in 0.00 ms.
Unloading 6655 Unused Serialized files (Serialized files now loaded: 0)
Unloading 213 unused Assets / (12.9 MB). Loaded Objects now: 6995.
Memory consumption went from 303.9 MB to 291.0 MB.
Total: 17.149300 ms (FindLiveObjects: 3.122300 ms CreateObjectMapping: 0.475700 ms MarkObjects: 5.290600 ms  DeleteObjects: 8.257400 ms)

AssetImportParameters requested are different than current active one (requested -> active):
  custom:container-demuxer-ogg: 62fdf1f143b41e24485cea50d1cbac27 -> 
  custom:framework-win-MediaFoundation: 216162199b28c13a410421893ffa2e32 -> 
  custom:container-muxer-webm: aa71ff27fc2769a1b78a27578f13a17b -> 
  custom:video-decoder-webm-vp8: 9c59270c3fd7afecdb556c50c9e8de78 -> 
  custom:SearchIndexIgnoredProperties: e643bd26f0fe6173181afceb89e7c659 -> 
  custom:AudioImporter_EditorPlatform: d09bf68614088b80899f8185d706f6e7 -> 
  custom:audio-decoder-ogg-vorbis: bf7c407c2cedff20999df2af8eb42d56 -> 
  custom:audio-encoder-webm-vorbis: bf7c407c2cedff20999df2af8eb42d56 -> 
  custom:video-codec-MediaFoundation-h265: 746d11721c4dcdbdad8f713fa42b33f4 -> 
  custom:video-decoder-ogg-theora: a1e56fd34408186e4bbccfd4996cb3dc -> 
  custom:CustomObjectIndexerAttribute: 72b91833f83ae208fae7752999fa3104 -> 
  custom:container-demuxer-webm: 4f35f7cbe854078d1ac9338744f61a02 -> 
  custom:video-encoder-webm-vp8: eb34c28f22e8b96e1ab97ce403110664 -> 
========================================================================
Received Import Request.
  Time since last request: 233066.145990 seconds.
  path: Assets/Assets/Meshs/Perso.fbx
  artifactKey: Guid(1800f8980643773498fdf47768e4f195) Importer(815301076,1909f56bfc062723c751e8b465ee728b)
Start importing Assets/Assets/Meshs/Perso.fbx using Guid(1800f8980643773498fdf47768e4f195) Importer(815301076,1909f56bfc062723c751e8b465ee728b) [PhysX] Initialized MultithreadedTaskDispatcher with 20 workers.
[PhysX] Initialized MultithreadedTaskDispatcher with 20 workers.
[PhysX] Initialized MultithreadedTaskDispatcher with 20 workers.
[PhysX] Initialized MultithreadedTaskDispatcher with 20 workers.
[PhysX] Initialized MultithreadedTaskDispatcher with 20 workers.
[PhysX] Initialized MultithreadedTaskDispatcher with 20 workers.
[PhysX] Initialized MultithreadedTaskDispatcher with 20 workers.
 -> (artifact id: '1b800d6b75b93aec157c3e1127ee175c') in 1.320806 seconds
Number of updated asset objects reloaded before import = 0
Number of asset objects unloaded after import = 223
========================================================================
Received Import Request.
  Time since last request: 0.000208 seconds.
  path: Assets/Assets/Meshs/broyeur.blend
  artifactKey: Guid(0505fea92be1ab248a2c4173f6f6bd0e) Importer(815301076,1909f56bfc062723c751e8b465ee728b)
Start importing Assets/Assets/Meshs/broyeur.blend using Guid(0505fea92be1ab248a2c4173f6f6bd0e) Importer(815301076,1909f56bfc062723c751e8b465ee728b) [PhysX] Initialized MultithreadedTaskDispatcher with 20 workers.
[PhysX] Initialized MultithreadedTaskDispatcher with 20 workers.
[PhysX] Initialized MultithreadedTaskDispatcher with 20 workers.
[PhysX] Initialized MultithreadedTaskDispatcher with 20 workers.
[PhysX] Initialized MultithreadedTaskDispatcher with 20 workers.
[PhysX] Initialized MultithreadedTaskDispatcher with 20 workers.
[PhysX] Initialized MultithreadedTaskDispatcher with 20 workers.
[PhysX] Initialized MultithreadedTaskDispatcher with 20 workers.
[PhysX] Initialized MultithreadedTaskDispatcher with 20 workers.
[PhysX] Initialized MultithreadedTaskDispatcher with 20 workers.
[PhysX] Initialized MultithreadedTaskDispatcher with 20 workers.
[PhysX] Initialized MultithreadedTaskDispatcher with 20 workers.
[PhysX] Initialized MultithreadedTaskDispatcher with 20 workers.
[PhysX] Initialized MultithreadedTaskDispatcher with 20 workers.
[PhysX] Initialized MultithreadedTaskDispatcher with 20 workers.
[PhysX] Initialized MultithreadedTaskDispatcher with 20 workers.
[PhysX] Initialized MultithreadedTaskDispatcher with 20 workers.
[PhysX] Initialized MultithreadedTaskDispatcher with 20 workers.
[PhysX] Initialized MultithreadedTaskDispatcher with 20 workers.
[PhysX] Initialized MultithreadedTaskDispatcher with 20 workers.
[PhysX] Initialized MultithreadedTaskDispatcher with 20 workers.
[PhysX] Initialized MultithreadedTaskDispatcher with 20 workers.
[PhysX] Initialized MultithreadedTaskDispatcher with 20 workers.
[PhysX] Initialized MultithreadedTaskDispatcher with 20 workers.
[PhysX] Initialized MultithreadedTaskDispatcher with 20 workers.
[PhysX] Initialized MultithreadedTaskDispatcher with 20 workers.
[PhysX] Initialized MultithreadedTaskDispatcher with 20 workers.
[PhysX] Initialized MultithreadedTaskDispatcher with 20 workers.
[PhysX] Initialized MultithreadedTaskDispatcher with 20 workers.
[PhysX] Initialized MultithreadedTaskDispatcher with 20 workers.
[PhysX] Initialized MultithreadedTaskDispatcher with 20 workers.
[PhysX] Initialized MultithreadedTaskDispatcher with 20 workers.
[PhysX] Initialized MultithreadedTaskDispatcher with 20 workers.
[PhysX] Initialized MultithreadedTaskDispatcher with 20 workers.
[PhysX] Initialized MultithreadedTaskDispatcher with 20 workers.
[PhysX] Initialized MultithreadedTaskDispatcher with 20 workers.
 -> (artifact id: '69216619ae191ca235cc3c81dc622567') in 0.241074 seconds
Number of updated asset objects reloaded before import = 0
Number of asset objects unloaded after import = 90
========================================================================
Received Import Request.
  Time since last request: 764.900092 seconds.
  path: Assets/Assets/Textures/FXExtra/T_BlurHextile002.tga
  artifactKey: Guid(49946af1e1cd46f449fa9fbec612ed51) Importer(815301076,1909f56bfc062723c751e8b465ee728b)
Start importing Assets/Assets/Textures/FXExtra/T_BlurHextile002.tga using Guid(49946af1e1cd46f449fa9fbec612ed51) Importer(815301076,1909f56bfc062723c751e8b465ee728b) [PhysX] Initialized MultithreadedTaskDispatcher with 20 workers.
[PhysX] Initialized MultithreadedTaskDispatcher with 20 workers.
 -> (artifact id: '49e34ff5d6ca670943e1b5e839bd741c') in 0.033854 seconds
Number of updated asset objects reloaded before import = 0
Number of asset objects unloaded after import = 2
========================================================================
Received Import Request.
  Time since last request: 0.010060 seconds.
  path: Assets/Assets/Textures/FXExtra/T_BlurNoise003.tga
  artifactKey: Guid(9673f5cdc74ae62419c8d50bd372391f) Importer(815301076,1909f56bfc062723c751e8b465ee728b)
Start importing Assets/Assets/Textures/FXExtra/T_BlurNoise003.tga using Guid(9673f5cdc74ae62419c8d50bd372391f) Importer(815301076,1909f56bfc062723c751e8b465ee728b) [PhysX] Initialized MultithreadedTaskDispatcher with 20 workers.
[PhysX] Initialized MultithreadedTaskDispatcher with 20 workers.
 -> (artifact id: '9f6c2f4adb8b3f9755235edf28cf28ad') in 0.022387 seconds
Number of updated asset objects reloaded before import = 0
Number of asset objects unloaded after import = 2
========================================================================
Received Import Request.
  Time since last request: 0.010747 seconds.
  path: Assets/Assets/Textures/FXExtra/T_BlurNoise008.tga
  artifactKey: Guid(c8a59dc2aa419134ba4708c945affe14) Importer(815301076,1909f56bfc062723c751e8b465ee728b)
Start importing Assets/Assets/Textures/FXExtra/T_BlurNoise008.tga using Guid(c8a59dc2aa419134ba4708c945affe14) Importer(815301076,1909f56bfc062723c751e8b465ee728b) [PhysX] Initialized MultithreadedTaskDispatcher with 20 workers.
[PhysX] Initialized MultithreadedTaskDispatcher with 20 workers.
 -> (artifact id: '5f5bab08cf2c7321f16e0c130e83b685') in 0.017897 seconds
Number of updated asset objects reloaded before import = 0
Number of asset objects unloaded after import = 2
========================================================================
Received Import Request.
  Time since last request: 0.000062 seconds.
  path: Assets/Assets/Textures/FXExtra/T_BNormalPattern008.tga
  artifactKey: Guid(3d4366145c305dc4b835fa22472eba4a) Importer(815301076,1909f56bfc062723c751e8b465ee728b)
Start importing Assets/Assets/Textures/FXExtra/T_BNormalPattern008.tga using Guid(3d4366145c305dc4b835fa22472eba4a) Importer(815301076,1909f56bfc062723c751e8b465ee728b) [PhysX] Initialized MultithreadedTaskDispatcher with 20 workers.
[PhysX] Initialized MultithreadedTaskDispatcher with 20 workers.
 -> (artifact id: 'a36c934fb14343d1b60e38b235a43e96') in 0.013818 seconds
Number of updated asset objects reloaded before import = 0
Number of asset objects unloaded after import = 2
========================================================================
Received Import Request.
  Time since last request: 0.000056 seconds.
  path: Assets/Assets/Textures/FXExtra/T_BNormalPattern018.tga
  artifactKey: Guid(c74bcd0419ce0e74185f7fa7144651f8) Importer(815301076,1909f56bfc062723c751e8b465ee728b)
Start importing Assets/Assets/Textures/FXExtra/T_BNormalPattern018.tga using Guid(c74bcd0419ce0e74185f7fa7144651f8) Importer(815301076,1909f56bfc062723c751e8b465ee728b) [PhysX] Initialized MultithreadedTaskDispatcher with 20 workers.
[PhysX] Initialized MultithreadedTaskDispatcher with 20 workers.
 -> (artifact id: '44a909c2c27714233dba855a15aebf75') in 0.016066 seconds
Number of updated asset objects reloaded before import = 0
Number of asset objects unloaded after import = 2
========================================================================
Received Import Request.
  Time since last request: 0.000142 seconds.
  path: Assets/Assets/Textures/FXExtra/T_BNormalPattern015.tga
  artifactKey: Guid(812d96a3a49791f4e840057d2f60f193) Importer(815301076,1909f56bfc062723c751e8b465ee728b)
Start importing Assets/Assets/Textures/FXExtra/T_BNormalPattern015.tga using Guid(812d96a3a49791f4e840057d2f60f193) Importer(815301076,1909f56bfc062723c751e8b465ee728b) [PhysX] Initialized MultithreadedTaskDispatcher with 20 workers.
[PhysX] Initialized MultithreadedTaskDispatcher with 20 workers.
 -> (artifact id: 'd1c01c874bad9fde668fafe156619ebb') in 0.011501 seconds
Number of updated asset objects reloaded before import = 0
Number of asset objects unloaded after import = 2
========================================================================
Received Import Request.
  Time since last request: 0.000045 seconds.
  path: Assets/Assets/Textures/FXExtra/T_BNormalPattern012.tga
  artifactKey: Guid(b238729ba285e1b4480ebf24fcf3b215) Importer(815301076,1909f56bfc062723c751e8b465ee728b)
Start importing Assets/Assets/Textures/FXExtra/T_BNormalPattern012.tga using Guid(b238729ba285e1b4480ebf24fcf3b215) Importer(815301076,1909f56bfc062723c751e8b465ee728b) [PhysX] Initialized MultithreadedTaskDispatcher with 20 workers.
[PhysX] Initialized MultithreadedTaskDispatcher with 20 workers.
 -> (artifact id: '2f5b16e3842effcc63a97f625297dacf') in 0.018596 seconds
Number of updated asset objects reloaded before import = 0
Number of asset objects unloaded after import = 2
========================================================================
Received Import Request.
  Time since last request: 0.000061 seconds.
  path: Assets/Assets/Textures/FXExtra/T_BlurNoise011.tga
  artifactKey: Guid(74f4843d4b1656f488f5e6f015963727) Importer(815301076,1909f56bfc062723c751e8b465ee728b)
Start importing Assets/Assets/Textures/FXExtra/T_BlurNoise011.tga using Guid(74f4843d4b1656f488f5e6f015963727) Importer(815301076,1909f56bfc062723c751e8b465ee728b) [PhysX] Initialized MultithreadedTaskDispatcher with 20 workers.
[PhysX] Initialized MultithreadedTaskDispatcher with 20 workers.
 -> (artifact id: '9f2d3ae6f0cd955fa15651a234221d87') in 0.017708 seconds
Number of updated asset objects reloaded before import = 0
Number of asset objects unloaded after import = 2
========================================================================
Received Import Request.
  Time since last request: 0.000035 seconds.
  path: Assets/Assets/Textures/FXExtra/T_BNormalPattern017.tga
  artifactKey: Guid(5442d2eca87c7b64d9eff36c53ef770a) Importer(815301076,1909f56bfc062723c751e8b465ee728b)
Start importing Assets/Assets/Textures/FXExtra/T_BNormalPattern017.tga using Guid(5442d2eca87c7b64d9eff36c53ef770a) Importer(815301076,1909f56bfc062723c751e8b465ee728b) [PhysX] Initialized MultithreadedTaskDispatcher with 20 workers.
[PhysX] Initialized MultithreadedTaskDispatcher with 20 workers.
 -> (artifact id: '02e962cff27ad1b9219541ff03fe745f') in 0.018547 seconds
Number of updated asset objects reloaded before import = 0
Number of asset objects unloaded after import = 2
========================================================================
Received Import Request.
  Time since last request: 0.000057 seconds.
  path: Assets/Assets/Textures/FXExtra/T_BNormalPattern010.tga
  artifactKey: Guid(e98a4c4a7cbc4f44087200e01f1b4196) Importer(815301076,1909f56bfc062723c751e8b465ee728b)
Start importing Assets/Assets/Textures/FXExtra/T_BNormalPattern010.tga using Guid(e98a4c4a7cbc4f44087200e01f1b4196) Importer(815301076,1909f56bfc062723c751e8b465ee728b) [PhysX] Initialized MultithreadedTaskDispatcher with 20 workers.
[PhysX] Initialized MultithreadedTaskDispatcher with 20 workers.
 -> (artifact id: '772fb0f93edd806b77d4e932f65f5670') in 0.012088 seconds
Number of updated asset objects reloaded before import = 0
Number of asset objects unloaded after import = 2
========================================================================
Received Import Request.
  Time since last request: 0.000137 seconds.
  path: Assets/Assets/Textures/FXExtra/T_BlurHextile006.tga
  artifactKey: Guid(512738c3c607a664b87daae8f49d2a61) Importer(815301076,1909f56bfc062723c751e8b465ee728b)
Start importing Assets/Assets/Textures/FXExtra/T_BlurHextile006.tga using Guid(512738c3c607a664b87daae8f49d2a61) Importer(815301076,1909f56bfc062723c751e8b465ee728b) [PhysX] Initialized MultithreadedTaskDispatcher with 20 workers.
[PhysX] Initialized MultithreadedTaskDispatcher with 20 workers.
 -> (artifact id: '1da695dba9a6f3bfa2032dc2d5e235a7') in 0.016549 seconds
Number of updated asset objects reloaded before import = 0
Number of asset objects unloaded after import = 2
========================================================================
Received Import Request.
  Time since last request: 0.000051 seconds.
  path: Assets/Assets/Textures/FXExtra/T_BlurNoise009.tga
  artifactKey: Guid(4f03bc16c77bc234aa65a98cd940420c) Importer(815301076,1909f56bfc062723c751e8b465ee728b)
Start importing Assets/Assets/Textures/FXExtra/T_BlurNoise009.tga using Guid(4f03bc16c77bc234aa65a98cd940420c) Importer(815301076,1909f56bfc062723c751e8b465ee728b) [PhysX] Initialized MultithreadedTaskDispatcher with 20 workers.
[PhysX] Initialized MultithreadedTaskDispatcher with 20 workers.
 -> (artifact id: 'b8b90f29163cadc651455c8a84f0aede') in 0.009689 seconds
Number of updated asset objects reloaded before import = 0
Number of asset objects unloaded after import = 2
========================================================================
Received Import Request.
  Time since last request: 0.000024 seconds.
  path: Assets/Assets/Textures/FXExtra/T_BNormalPattern009.tga
  artifactKey: Guid(ff7e47889fba4204ea374d1dcd46a52b) Importer(815301076,1909f56bfc062723c751e8b465ee728b)
Start importing Assets/Assets/Textures/FXExtra/T_BNormalPattern009.tga using Guid(ff7e47889fba4204ea374d1dcd46a52b) Importer(815301076,1909f56bfc062723c751e8b465ee728b) [PhysX] Initialized MultithreadedTaskDispatcher with 20 workers.
[PhysX] Initialized MultithreadedTaskDispatcher with 20 workers.
 -> (artifact id: '1dba07c7d12baf5872a02b2096cb5e59') in 0.033349 seconds
Number of updated asset objects reloaded before import = 0
Number of asset objects unloaded after import = 2
========================================================================
Received Import Request.
  Time since last request: 0.000091 seconds.
  path: Assets/Assets/Textures/FXExtra/T_BlurHextile005.tga
  artifactKey: Guid(e7b7ca5aa017d6f4c9ec51dd488e5eaa) Importer(815301076,1909f56bfc062723c751e8b465ee728b)
Start importing Assets/Assets/Textures/FXExtra/T_BlurHextile005.tga using Guid(e7b7ca5aa017d6f4c9ec51dd488e5eaa) Importer(815301076,1909f56bfc062723c751e8b465ee728b) [PhysX] Initialized MultithreadedTaskDispatcher with 20 workers.
[PhysX] Initialized MultithreadedTaskDispatcher with 20 workers.
 -> (artifact id: 'eba23ed0a4a5d92349553b8a8df24107') in 0.033666 seconds
Number of updated asset objects reloaded before import = 0
Number of asset objects unloaded after import = 2
========================================================================
Received Import Request.
  Time since last request: 0.000037 seconds.
  path: Assets/Assets/Textures/FXExtra/T_Burst011.tga
  artifactKey: Guid(447eed94d1cc0e24e902f4be0bc9a3cb) Importer(815301076,1909f56bfc062723c751e8b465ee728b)
Start importing Assets/Assets/Textures/FXExtra/T_Burst011.tga using Guid(447eed94d1cc0e24e902f4be0bc9a3cb) Importer(815301076,1909f56bfc062723c751e8b465ee728b) [PhysX] Initialized MultithreadedTaskDispatcher with 20 workers.
[PhysX] Initialized MultithreadedTaskDispatcher with 20 workers.
 -> (artifact id: '889486e3d3e2a9bdb2dfcb2cabf1a4d5') in 0.018948 seconds
Number of updated asset objects reloaded before import = 0
Number of asset objects unloaded after import = 2
========================================================================
Received Import Request.
  Time since last request: 0.000045 seconds.
  path: Assets/Assets/Textures/FXExtra/T_BNormalPattern007.tga
  artifactKey: Guid(531b8ec12170aff408755a02d11368a0) Importer(815301076,1909f56bfc062723c751e8b465ee728b)
Start importing Assets/Assets/Textures/FXExtra/T_BNormalPattern007.tga using Guid(531b8ec12170aff408755a02d11368a0) Importer(815301076,1909f56bfc062723c751e8b465ee728b) [PhysX] Initialized MultithreadedTaskDispatcher with 20 workers.
[PhysX] Initialized MultithreadedTaskDispatcher with 20 workers.
 -> (artifact id: '160048a337a40b7483045b456fcb6b02') in 0.016826 seconds
Number of updated asset objects reloaded before import = 0
Number of asset objects unloaded after import = 2
========================================================================
Received Import Request.
  Time since last request: 0.000181 seconds.
  path: Assets/Assets/Textures/FXExtra/T_Burst007.tga
  artifactKey: Guid(13a8807e2249017428f79a4217e70856) Importer(815301076,1909f56bfc062723c751e8b465ee728b)
Start importing Assets/Assets/Textures/FXExtra/T_Burst007.tga using Guid(13a8807e2249017428f79a4217e70856) Importer(815301076,1909f56bfc062723c751e8b465ee728b) [PhysX] Initialized MultithreadedTaskDispatcher with 20 workers.
[PhysX] Initialized MultithreadedTaskDispatcher with 20 workers.
 -> (artifact id: '60f07374762ac23e67b9b3eb32e92805') in 0.016717 seconds
Number of updated asset objects reloaded before import = 0
Number of asset objects unloaded after import = 2
========================================================================
Received Import Request.
  Time since last request: 0.000041 seconds.
  path: Assets/Assets/Textures/FXExtra/T_BNormalPattern003.tga
  artifactKey: Guid(173c22c14562b2e44807478c8a9aa409) Importer(815301076,1909f56bfc062723c751e8b465ee728b)
Start importing Assets/Assets/Textures/FXExtra/T_BNormalPattern003.tga using Guid(173c22c14562b2e44807478c8a9aa409) Importer(815301076,1909f56bfc062723c751e8b465ee728b) [PhysX] Initialized MultithreadedTaskDispatcher with 20 workers.
[PhysX] Initialized MultithreadedTaskDispatcher with 20 workers.
 -> (artifact id: 'f27120e414f70416463569c9aa4e98c8') in 0.019672 seconds
Number of updated asset objects reloaded before import = 0
Number of asset objects unloaded after import = 2
========================================================================
Received Import Request.
  Time since last request: 0.000060 seconds.
  path: Assets/Assets/Textures/FXExtra/T_Burst006.tga
  artifactKey: Guid(7649eef5d8d0a624ebc899bdfdb0277c) Importer(815301076,1909f56bfc062723c751e8b465ee728b)
Start importing Assets/Assets/Textures/FXExtra/T_Burst006.tga using Guid(7649eef5d8d0a624ebc899bdfdb0277c) Importer(815301076,1909f56bfc062723c751e8b465ee728b) [PhysX] Initialized MultithreadedTaskDispatcher with 20 workers.
[PhysX] Initialized MultithreadedTaskDispatcher with 20 workers.
 -> (artifact id: '8b3174bb89cc85b52efff443fbd05275') in 0.014669 seconds
Number of updated asset objects reloaded before import = 0
Number of asset objects unloaded after import = 2
========================================================================
Received Import Request.
  Time since last request: 0.000084 seconds.
  path: Assets/Assets/Textures/FXExtra/T_Burst005.tga
  artifactKey: Guid(092de8712c0fb1241b9c5570bb378575) Importer(815301076,1909f56bfc062723c751e8b465ee728b)
Start importing Assets/Assets/Textures/FXExtra/T_Burst005.tga using Guid(092de8712c0fb1241b9c5570bb378575) Importer(815301076,1909f56bfc062723c751e8b465ee728b) [PhysX] Initialized MultithreadedTaskDispatcher with 20 workers.
[PhysX] Initialized MultithreadedTaskDispatcher with 20 workers.
 -> (artifact id: 'a2d8a7a7b6319d2e67148d2afa3614b4') in 0.024202 seconds
Number of updated asset objects reloaded before import = 0
Number of asset objects unloaded after import = 2
========================================================================
Received Import Request.
  Time since last request: 0.000047 seconds.
  path: Assets/Assets/Textures/FXExtra/T_BNormalPattern011.tga
  artifactKey: Guid(288a7326a40d2d740a938dd98cbf9f71) Importer(815301076,1909f56bfc062723c751e8b465ee728b)
Start importing Assets/Assets/Textures/FXExtra/T_BNormalPattern011.tga using Guid(288a7326a40d2d740a938dd98cbf9f71) Importer(815301076,1909f56bfc062723c751e8b465ee728b) [PhysX] Initialized MultithreadedTaskDispatcher with 20 workers.
[PhysX] Initialized MultithreadedTaskDispatcher with 20 workers.
 -> (artifact id: '6f5c5eb3ef02cfa5ca275404f872c40f') in 0.021854 seconds
Number of updated asset objects reloaded before import = 0
Number of asset objects unloaded after import = 2
========================================================================
Received Import Request.
  Time since last request: 0.000132 seconds.
  path: Assets/Assets/Textures/FXExtra/T_Burst009.tga
  artifactKey: Guid(2ccb2d9faeb2b5c4fb36542d42c1516f) Importer(815301076,1909f56bfc062723c751e8b465ee728b)
Start importing Assets/Assets/Textures/FXExtra/T_Burst009.tga using Guid(2ccb2d9faeb2b5c4fb36542d42c1516f) Importer(815301076,1909f56bfc062723c751e8b465ee728b) [PhysX] Initialized MultithreadedTaskDispatcher with 20 workers.
[PhysX] Initialized MultithreadedTaskDispatcher with 20 workers.
 -> (artifact id: 'a01e466b10818cd9e06611de90ed9557') in 0.023185 seconds
Number of updated asset objects reloaded before import = 0
Number of asset objects unloaded after import = 2
========================================================================
Received Import Request.
  Time since last request: 0.000097 seconds.
  path: Assets/Assets/Textures/FXExtra/T_BlurNoise001.tga
  artifactKey: Guid(b0ec56bbb1192d54fbb19df201be4952) Importer(815301076,1909f56bfc062723c751e8b465ee728b)
Start importing Assets/Assets/Textures/FXExtra/T_BlurNoise001.tga using Guid(b0ec56bbb1192d54fbb19df201be4952) Importer(815301076,1909f56bfc062723c751e8b465ee728b) [PhysX] Initialized MultithreadedTaskDispatcher with 20 workers.
[PhysX] Initialized MultithreadedTaskDispatcher with 20 workers.
 -> (artifact id: '7d9304a2de2b7c8a115abac979344a33') in 0.015674 seconds
Number of updated asset objects reloaded before import = 0
Number of asset objects unloaded after import = 2
========================================================================
Received Import Request.
  Time since last request: 0.000117 seconds.
  path: Assets/HDRPDefaultResources/HDRenderPipelineGlobalSettings.asset
  artifactKey: Guid(7eba4b21b11f4af449371d9828d791bb) Importer(815301076,1909f56bfc062723c751e8b465ee728b)
Start importing Assets/HDRPDefaultResources/HDRenderPipelineGlobalSettings.asset using Guid(7eba4b21b11f4af449371d9828d791bb) Importer(815301076,1909f56bfc062723c751e8b465ee728b) [PhysX] Initialized MultithreadedTaskDispatcher with 20 workers.
 -> (artifact id: '951e90a4514053679ba4a42bd7ece2b5') in 0.003527 seconds
Number of updated asset objects reloaded before import = 0
Number of asset objects unloaded after import = 1
========================================================================
Received Import Request.
  Time since last request: 0.000070 seconds.
  path: Assets/Assets/Textures/FXExtra/T_BNormalPattern019.tga
  artifactKey: Guid(149f15eb9384b29418cd4ccac6cb8546) Importer(815301076,1909f56bfc062723c751e8b465ee728b)
Start importing Assets/Assets/Textures/FXExtra/T_BNormalPattern019.tga using Guid(149f15eb9384b29418cd4ccac6cb8546) Importer(815301076,1909f56bfc062723c751e8b465ee728b) [PhysX] Initialized MultithreadedTaskDispatcher with 20 workers.
[PhysX] Initialized MultithreadedTaskDispatcher with 20 workers.
 -> (artifact id: 'e9231709f52f1eac369da6ea567909ac') in 0.024178 seconds
Number of updated asset objects reloaded before import = 0
Number of asset objects unloaded after import = 2
Editor requested this worker to shutdown with reason: Scaling down because of idle timeout
TcpMessagingSession - receive error: operation aborted. errorcode: 995, details: L’opération d’entrée/sortie a été abandonnée en raison de l’arrêt d’un thread ou à la demande d’une application.
AssetImportWorker is now disconnected from the server
Process exiting
Exiting without the bug reporter. Application will terminate with return code 0